Determining if the pthread_create exist failed with the following output:
Change Dir: /home/wheeltec/wheeltec_robot/src/movement/build/CMakeFiles/CMakeTmp

Run Build Command:"/usr/bin/make" "cmTC_1e2c1/fast"
/usr/bin/make -f CMakeFiles/cmTC_1e2c1.dir/build.make CMakeFiles/cmTC_1e2c1.dir/build
make[1]: Entering directory '/home/wheeltec/wheeltec_robot/src/movement/build/CMakeFiles/CMakeTmp'
Building C object CMakeFiles/cmTC_1e2c1.dir/CheckSymbolExists.c.o
/usr/bin/gcc-7    -o CMakeFiles/cmTC_1e2c1.dir/CheckSymbolExists.c.o   -c /home/wheeltec/wheeltec_robot/src/movement/build/CMakeFiles/CMakeTmp/CheckSymbolExists.c
Linking C executable cmTC_1e2c1
/usr/bin/cmake -E cmake_link_script CMakeFiles/cmTC_1e2c1.dir/link.txt --verbose=1
/usr/bin/gcc-7      -rdynamic CMakeFiles/cmTC_1e2c1.dir/CheckSymbolExists.c.o  -o cmTC_1e2c1 
CMakeFiles/cmTC_1e2c1.dir/CheckSymbolExists.c.o: In function `main':
CheckSymbolExists.c:(.text+0x14): undefined reference to `pthread_create'
CheckSymbolExists.c:(.text+0x18): undefined reference to `pthread_create'
collect2: error: ld returned 1 exit status
CMakeFiles/cmTC_1e2c1.dir/build.make:97: recipe for target 'cmTC_1e2c1' failed
make[1]: *** [cmTC_1e2c1] Error 1
make[1]: Leaving directory '/home/wheeltec/wheeltec_robot/src/movement/build/CMakeFiles/CMakeTmp'
Makefile:126: recipe for target 'cmTC_1e2c1/fast' failed
make: *** [cmTC_1e2c1/fast] Error 2

File /home/wheeltec/wheeltec_robot/src/movement/build/CMakeFiles/CMakeTmp/CheckSymbolExists.c:
/* */
#include <pthread.h>

int main(int argc, char** argv)
{
  (void)argv;
#ifndef pthread_create
  return ((int*)(&pthread_create))[argc];
#else
  (void)argc;
  return 0;
#endif
}

Determining if the function pthread_create exists in the pthreads failed with the following output:
Change Dir: /home/wheeltec/wheeltec_robot/src/movement/build/CMakeFiles/CMakeTmp

Run Build Command:"/usr/bin/make" "cmTC_ba5f9/fast"
/usr/bin/make -f CMakeFiles/cmTC_ba5f9.dir/build.make CMakeFiles/cmTC_ba5f9.dir/build
make[1]: Entering directory '/home/wheeltec/wheeltec_robot/src/movement/build/CMakeFiles/CMakeTmp'
Building C object CMakeFiles/cmTC_ba5f9.dir/CheckFunctionExists.c.o
/usr/bin/gcc-7   -DCHECK_FUNCTION_EXISTS=pthread_create   -o CMakeFiles/cmTC_ba5f9.dir/CheckFunctionExists.c.o   -c /usr/share/cmake-3.10/Modules/CheckFunctionExists.c
Linking C executable cmTC_ba5f9
/usr/bin/cmake -E cmake_link_script CMakeFiles/cmTC_ba5f9.dir/link.txt --verbose=1
/usr/bin/gcc-7  -DCHECK_FUNCTION_EXISTS=pthread_create    -rdynamic CMakeFiles/cmTC_ba5f9.dir/CheckFunctionExists.c.o  -o cmTC_ba5f9 -lpthreads 
/usr/bin/ld: cannot find -lpthreads
collect2: error: ld returned 1 exit status
CMakeFiles/cmTC_ba5f9.dir/build.make:97: recipe for target 'cmTC_ba5f9' failed
make[1]: *** [cmTC_ba5f9] Error 1
make[1]: Leaving directory '/home/wheeltec/wheeltec_robot/src/movement/build/CMakeFiles/CMakeTmp'
Makefile:126: recipe for target 'cmTC_ba5f9/fast' failed
make: *** [cmTC_ba5f9/fast] Error 2


